00:19:49.088 [main] INFO  n.e.journalapp.JournalApplication - Starting JournalApplication using Java 20.0.2 on shruti with PID 9860 (C:\Users\shruti kumari\Downloads\journalApp\target\classes started by shruti kumari in C:\Users\shruti kumari\Downloads\journalApp)
00:19:49.097 [main] INFO  n.e.journalapp.JournalApplication - The following 2 profiles are active: "dev", "prod"
00:19:49.661 [main] INFO  o.s.d.r.c.RepositoryConfigurationDelegate - Bootstrapping Spring Data MongoDB repositories in DEFAULT mode.
00:19:49.712 [main] INFO  o.s.d.r.c.RepositoryConfigurationDelegate - Finished Spring Data repository scanning in 48 ms. Found 2 MongoDB repository interfaces.
00:19:50.290 [main] INFO  o.s.b.w.e.tomcat.TomcatWebServer - Tomcat initialized with port(s): 8081 (http)
00:19:50.297 [main] INFO  o.a.coyote.http11.Http11NioProtocol - Initializing ProtocolHandler ["http-nio-8081"]
00:19:50.299 [main] INFO  o.a.catalina.core.StandardService - Starting service [Tomcat]
00:19:50.299 [main] INFO  o.a.catalina.core.StandardEngine - Starting Servlet engine: [Apache Tomcat/9.0.80]
00:19:50.392 [main] INFO  o.a.c.c.C.[.[localhost].[/journal] - Initializing Spring embedded WebApplicationContext
00:19:50.392 [main] INFO  o.s.b.w.s.c.ServletWebServerApplicationContext - Root WebApplicationContext: initialization completed in 1237 ms
00:19:50.664 [cluster-ClusterId{value='68a618ce5fc93a72f5ca8db3', description='null'}-srv-cluster0.7o2ryxv.mongodb.net] INFO  org.mongodb.driver.cluster - Adding discovered server ac-citqyd3-shard-00-00.7o2ryxv.mongodb.net:27017 to client view of cluster
00:19:50.670 [main] INFO  org.mongodb.driver.client - MongoClient with metadata {"driver": {"name": "mongo-java-driver|sync|spring-boot", "version": "4.6.1"}, "os": {"type": "Windows", "name": "Windows 11", "architecture": "amd64", "version": "10.0"}, "platform": "Java/Oracle Corporation/20.0.2+9-78", "application": {"name": "Cluster0"}} created with settings MongoClientSettings{readPreference=primary, writeConcern=WriteConcern{w=majority, wTimeout=null ms, journal=null}, retryWrites=true, retryReads=true, readConcern=ReadConcern{level=null}, credential=MongoCredential{mechanism=null, userName='shrutisharma6369', source='admin', password=<hidden>, mechanismProperties=<hidden>}, streamFactoryFactory=null, commandListeners=[], codecRegistry=ProvidersCodecRegistry{codecProviders=[ValueCodecProvider{}, BsonValueCodecProvider{}, DBRefCodecProvider{}, DBObjectCodecProvider{}, DocumentCodecProvider{}, IterableCodecProvider{}, MapCodecProvider{}, GeoJsonCodecProvider{}, GridFSFileCodecProvider{}, Jsr310CodecProvider{}, JsonObjectCodecProvider{}, BsonCodecProvider{}, EnumCodecProvider{}, com.mongodb.Jep395RecordCodecProvider@61ae0d43]}, clusterSettings={hosts=[127.0.0.1:27017], srvHost=cluster0.7o2ryxv.mongodb.net, srvServiceName=mongodb, mode=MULTIPLE, requiredClusterType=REPLICA_SET, requiredReplicaSetName='atlas-14a65f-shard-0', serverSelector='null', clusterListeners='[]', serverSelectionTimeout='30000 ms', localThreshold='30000 ms'}, socketSettings=SocketSettings{connectTimeoutMS=10000, readTimeoutMS=0, receiveBufferSize=0, sendBufferSize=0}, heartbeatSocketSettings=SocketSettings{connectTimeoutMS=10000, readTimeoutMS=10000, receiveBufferSize=0, sendBufferSize=0}, connectionPoolSettings=ConnectionPoolSettings{maxSize=100, minSize=0, maxWaitTimeMS=120000, maxConnectionLifeTimeMS=0, maxConnectionIdleTimeMS=0, maintenanceInitialDelayMS=0, maintenanceFrequencyMS=60000, connectionPoolListeners=[], maxConnecting=2}, serverSettings=ServerSettings{heartbeatFrequencyMS=10000, minHeartbeatFrequencyMS=500, serverListeners='[]', serverMonitorListeners='[]'}, sslSettings=SslSettings{enabled=true, invalidHostNameAllowed=false, context=null}, applicationName='Cluster0', compressorList=[], uuidRepresentation=JAVA_LEGACY, serverApi=null, autoEncryptionSettings=null, contextProvider=null}
00:19:50.688 [cluster-ClusterId{value='68a618ce5fc93a72f5ca8db3', description='null'}-srv-cluster0.7o2ryxv.mongodb.net] INFO  org.mongodb.driver.cluster - Adding discovered server ac-citqyd3-shard-00-02.7o2ryxv.mongodb.net:27017 to client view of cluster
00:19:50.689 [cluster-ClusterId{value='68a618ce5fc93a72f5ca8db3', description='null'}-srv-cluster0.7o2ryxv.mongodb.net] INFO  org.mongodb.driver.cluster - Adding discovered server ac-citqyd3-shard-00-01.7o2ryxv.mongodb.net:27017 to client view of cluster
00:19:50.951 [main] INFO  org.mongodb.driver.cluster - No server chosen by com.mongodb.client.internal.MongoClientDelegate$1@5e50df2e from cluster description ClusterDescription{type=REPLICA_SET, connectionMode=MULTIPLE, serverDescriptions=[ServerDescription{address=ac-citqyd3-shard-00-00.7o2ryxv.mongodb.net:27017, type=UNKNOWN, state=CONNECTING}, ServerDescription{address=ac-citqyd3-shard-00-01.7o2ryxv.mongodb.net:27017, type=UNKNOWN, state=CONNECTING}, ServerDescription{address=ac-citqyd3-shard-00-02.7o2ryxv.mongodb.net:27017, type=UNKNOWN, state=CONNECTING}]}. Waiting for 30000 ms before timing out
00:19:51.247 [cluster-rtt-ClusterId{value='68a618ce5fc93a72f5ca8db3', description='null'}-ac-citqyd3-shard-00-01.7o2ryxv.mongodb.net:27017] INFO  org.mongodb.driver.connection - Opened connection [connectionId{localValue:5, serverValue:42503}] to ac-citqyd3-shard-00-01.7o2ryxv.mongodb.net:27017
00:19:51.247 [cluster-ClusterId{value='68a618ce5fc93a72f5ca8db3', description='null'}-ac-citqyd3-shard-00-00.7o2ryxv.mongodb.net:27017] INFO  org.mongodb.driver.connection - Opened connection [connectionId{localValue:6, serverValue:40082}] to ac-citqyd3-shard-00-00.7o2ryxv.mongodb.net:27017
00:19:51.247 [cluster-ClusterId{value='68a618ce5fc93a72f5ca8db3', description='null'}-ac-citqyd3-shard-00-01.7o2ryxv.mongodb.net:27017] INFO  org.mongodb.driver.connection - Opened connection [connectionId{localValue:1, serverValue:42503}] to ac-citqyd3-shard-00-01.7o2ryxv.mongodb.net:27017
00:19:51.247 [cluster-ClusterId{value='68a618ce5fc93a72f5ca8db3', description='null'}-ac-citqyd3-shard-00-02.7o2ryxv.mongodb.net:27017] INFO  org.mongodb.driver.connection - Opened connection [connectionId{localValue:2, serverValue:39577}] to ac-citqyd3-shard-00-02.7o2ryxv.mongodb.net:27017
00:19:51.247 [cluster-rtt-ClusterId{value='68a618ce5fc93a72f5ca8db3', description='null'}-ac-citqyd3-shard-00-02.7o2ryxv.mongodb.net:27017] INFO  org.mongodb.driver.connection - Opened connection [connectionId{localValue:3, serverValue:39577}] to ac-citqyd3-shard-00-02.7o2ryxv.mongodb.net:27017
00:19:51.247 [cluster-rtt-ClusterId{value='68a618ce5fc93a72f5ca8db3', description='null'}-ac-citqyd3-shard-00-00.7o2ryxv.mongodb.net:27017] INFO  org.mongodb.driver.connection - Opened connection [connectionId{localValue:4, serverValue:40076}] to ac-citqyd3-shard-00-00.7o2ryxv.mongodb.net:27017
00:19:51.248 [cluster-ClusterId{value='68a618ce5fc93a72f5ca8db3', description='null'}-ac-citqyd3-shard-00-01.7o2ryxv.mongodb.net:27017] INFO  org.mongodb.driver.cluster - Monitor thread successfully connected to server with description ServerDescription{address=ac-citqyd3-shard-00-01.7o2ryxv.mongodb.net:27017, type=REPLICA_SET_PRIMARY, state=CONNECTED, ok=true, minWireVersion=0, maxWireVersion=25, maxDocumentSize=16777216, logicalSessionTimeoutMinutes=30, roundTripTimeNanos=304462700, setName='atlas-14a65f-shard-0', canonicalAddress=ac-citqyd3-shard-00-01.7o2ryxv.mongodb.net:27017, hosts=[ac-citqyd3-shard-00-00.7o2ryxv.mongodb.net:27017, ac-citqyd3-shard-00-02.7o2ryxv.mongodb.net:27017, ac-citqyd3-shard-00-01.7o2ryxv.mongodb.net:27017], passives=[], arbiters=[], primary='ac-citqyd3-shard-00-01.7o2ryxv.mongodb.net:27017', tagSet=TagSet{[Tag{name='availabilityZone', value='aps1-az3'}, Tag{name='diskState', value='READY'}, Tag{name='nodeType', value='ELECTABLE'}, Tag{name='provider', value='AWS'}, Tag{name='region', value='AP_SOUTH_1'}, Tag{name='workloadType', value='OPERATIONAL'}]}, electionId=7fffffff00000000000000d4, setVersion=19, topologyVersion=TopologyVersion{processId=68a49cc948082a6b62346b18, counter=6}, lastWriteDate=Thu Aug 21 00:19:51 IST 2025, lastUpdateTimeNanos=957427335394700}
00:19:51.248 [cluster-ClusterId{value='68a618ce5fc93a72f5ca8db3', description='null'}-ac-citqyd3-shard-00-00.7o2ryxv.mongodb.net:27017] INFO  org.mongodb.driver.cluster - Monitor thread successfully connected to server with description ServerDescription{address=ac-citqyd3-shard-00-00.7o2ryxv.mongodb.net:27017, type=REPLICA_SET_SECONDARY, state=CONNECTED, ok=true, minWireVersion=0, maxWireVersion=25, maxDocumentSize=16777216, logicalSessionTimeoutMinutes=30, roundTripTimeNanos=304462500, setName='atlas-14a65f-shard-0', canonicalAddress=ac-citqyd3-shard-00-00.7o2ryxv.mongodb.net:27017, hosts=[ac-citqyd3-shard-00-00.7o2ryxv.mongodb.net:27017, ac-citqyd3-shard-00-02.7o2ryxv.mongodb.net:27017, ac-citqyd3-shard-00-01.7o2ryxv.mongodb.net:27017], passives=[], arbiters=[], primary='ac-citqyd3-shard-00-01.7o2ryxv.mongodb.net:27017', tagSet=TagSet{[Tag{name='availabilityZone', value='aps1-az1'}, Tag{name='diskState', value='READY'}, Tag{name='nodeType', value='ELECTABLE'}, Tag{name='provider', value='AWS'}, Tag{name='region', value='AP_SOUTH_1'}, Tag{name='workloadType', value='OPERATIONAL'}]}, electionId=null, setVersion=19, topologyVersion=TopologyVersion{processId=68a49de0cd89b41cfc84caf4, counter=4}, lastWriteDate=Thu Aug 21 00:19:51 IST 2025, lastUpdateTimeNanos=957427335394700}
00:19:51.248 [cluster-ClusterId{value='68a618ce5fc93a72f5ca8db3', description='null'}-ac-citqyd3-shard-00-02.7o2ryxv.mongodb.net:27017] INFO  org.mongodb.driver.cluster - Monitor thread successfully connected to server with description ServerDescription{address=ac-citqyd3-shard-00-02.7o2ryxv.mongodb.net:27017, type=REPLICA_SET_SECONDARY, state=CONNECTED, ok=true, minWireVersion=0, maxWireVersion=25, maxDocumentSize=16777216, logicalSessionTimeoutMinutes=30, roundTripTimeNanos=304437900, setName='atlas-14a65f-shard-0', canonicalAddress=ac-citqyd3-shard-00-02.7o2ryxv.mongodb.net:27017, hosts=[ac-citqyd3-shard-00-00.7o2ryxv.mongodb.net:27017, ac-citqyd3-shard-00-02.7o2ryxv.mongodb.net:27017, ac-citqyd3-shard-00-01.7o2ryxv.mongodb.net:27017], passives=[], arbiters=[], primary='ac-citqyd3-shard-00-01.7o2ryxv.mongodb.net:27017', tagSet=TagSet{[Tag{name='availabilityZone', value='aps1-az2'}, Tag{name='diskState', value='READY'}, Tag{name='nodeType', value='ELECTABLE'}, Tag{name='provider', value='AWS'}, Tag{name='region', value='AP_SOUTH_1'}, Tag{name='workloadType', value='OPERATIONAL'}]}, electionId=null, setVersion=19, topologyVersion=TopologyVersion{processId=68a49f6703eb20cc6ba37461, counter=3}, lastWriteDate=Thu Aug 21 00:19:51 IST 2025, lastUpdateTimeNanos=957427335394900}
00:19:51.249 [cluster-ClusterId{value='68a618ce5fc93a72f5ca8db3', description='null'}-ac-citqyd3-shard-00-01.7o2ryxv.mongodb.net:27017] INFO  org.mongodb.driver.cluster - Setting max election id to 7fffffff00000000000000d4 from replica set primary ac-citqyd3-shard-00-01.7o2ryxv.mongodb.net:27017
00:19:51.250 [cluster-ClusterId{value='68a618ce5fc93a72f5ca8db3', description='null'}-ac-citqyd3-shard-00-01.7o2ryxv.mongodb.net:27017] INFO  org.mongodb.driver.cluster - Setting max set version to 19 from replica set primary ac-citqyd3-shard-00-01.7o2ryxv.mongodb.net:27017
00:19:51.250 [cluster-ClusterId{value='68a618ce5fc93a72f5ca8db3', description='null'}-ac-citqyd3-shard-00-01.7o2ryxv.mongodb.net:27017] INFO  org.mongodb.driver.cluster - Discovered replica set primary ac-citqyd3-shard-00-01.7o2ryxv.mongodb.net:27017
00:19:51.461 [main] INFO  org.mongodb.driver.connection - Opened connection [connectionId{localValue:7, serverValue:42528}] to ac-citqyd3-shard-00-01.7o2ryxv.mongodb.net:27017
00:19:51.812 [main] INFO  o.s.s.web.DefaultSecurityFilterChain - Will secure any request with [org.springframework.security.web.session.DisableEncodeUrlFilter@7f51f588, org.springframework.security.web.context.request.async.WebAsyncManagerIntegrationFilter@6fb22ae3, org.springframework.security.web.context.SecurityContextPersistenceFilter@63124022, org.springframework.security.web.header.HeaderWriterFilter@7772d266, org.springframework.security.web.authentication.logout.LogoutFilter@1aedf08d, org.springframework.security.web.authentication.www.BasicAuthenticationFilter@3bc20984, org.springframework.security.web.savedrequest.RequestCacheAwareFilter@2b44605c, org.springframework.security.web.servletapi.SecurityContextHolderAwareRequestFilter@4bf4680c, org.springframework.security.web.authentication.AnonymousAuthenticationFilter@6bd92538, org.springframework.security.web.session.SessionManagementFilter@3751acd7, org.springframework.security.web.access.ExceptionTranslationFilter@733f1395, org.springframework.security.web.access.intercept.FilterSecurityInterceptor@13ca16bf]
00:19:52.095 [main] INFO  o.a.coyote.http11.Http11NioProtocol - Starting ProtocolHandler ["http-nio-8081"]
00:19:52.109 [main] INFO  o.s.b.w.e.tomcat.TomcatWebServer - Tomcat started on port(s): 8081 (http) with context path '/journal'
00:19:52.115 [main] INFO  n.e.journalapp.JournalApplication - Started JournalApplication in 3.434 seconds (JVM running for 3.936)
00:19:55.071 [http-nio-8081-exec-1] INFO  o.a.c.c.C.[.[localhost].[/journal] - Initializing Spring DispatcherServlet 'dispatcherServlet'
00:19:55.071 [http-nio-8081-exec-1] INFO  o.s.web.servlet.DispatcherServlet - Initializing Servlet 'dispatcherServlet'
00:19:55.072 [http-nio-8081-exec-1] INFO  o.s.web.servlet.DispatcherServlet - Completed initialization in 1 ms
00:19:55.890 [http-nio-8081-exec-1] ERROR o.a.c.c.C.[.[.[.[dispatcherServlet] - Servlet.service() for servlet [dispatcherServlet] in context with path [/journal] threw exception [Request processing failed; nested exception is org.springframework.web.client.HttpClientErrorException$BadRequest: 400 Bad Request: "{"success":false,"error":{"code":601,"type":"missing_query","info":"Please specify a valid location identifier using the query parameter."}}"] with root cause
org.springframework.web.client.HttpClientErrorException$BadRequest: 400 Bad Request: "{"success":false,"error":{"code":601,"type":"missing_query","info":"Please specify a valid location identifier using the query parameter."}}"
	at org.springframework.web.client.HttpClientErrorException.create(HttpClientErrorException.java:101)
	at org.springframework.web.client.DefaultResponseErrorHandler.handleError(DefaultResponseErrorHandler.java:168)
	at org.springframework.web.client.DefaultResponseErrorHandler.handleError(DefaultResponseErrorHandler.java:122)
	at org.springframework.web.client.ResponseErrorHandler.handleError(ResponseErrorHandler.java:63)
	at org.springframework.web.client.RestTemplate.handleResponse(RestTemplate.java:825)
	at org.springframework.web.client.RestTemplate.doExecute(RestTemplate.java:783)
	at org.springframework.web.client.RestTemplate.execute(RestTemplate.java:717)
	at org.springframework.web.client.RestTemplate.exchange(RestTemplate.java:608)
	at net.engineeringdigest.journalapp.service.WeatherService.getWeather(WeatherService.java:22)
	at net.engineeringdigest.journalapp.controller.userController.greeting(userController.java:51)
	at java.base/jdk.internal.reflect.DirectMethodHandleAccessor.invoke(DirectMethodHandleAccessor.java:104)
	at java.base/java.lang.reflect.Method.invoke(Method.java:578)
	at org.springframework.web.method.support.InvocableHandlerMethod.doInvoke(InvocableHandlerMethod.java:205)
	at org.springframework.web.method.support.InvocableHandlerMethod.invokeForRequest(InvocableHandlerMethod.java:150)
	at org.springframework.web.servlet.mvc.method.annotation.ServletInvocableHandlerMethod.invokeAndHandle(ServletInvocableHandlerMethod.java:117)
	at org.springframework.web.servlet.mvc.method.annotation.RequestMappingHandlerAdapter.invokeHandlerMethod(RequestMappingHandlerAdapter.java:895)
	at org.springframework.web.servlet.mvc.method.annotation.RequestMappingHandlerAdapter.handleInternal(RequestMappingHandlerAdapter.java:808)
	at org.springframework.web.servlet.mvc.method.AbstractHandlerMethodAdapter.handle(AbstractHandlerMethodAdapter.java:87)
	at org.springframework.web.servlet.DispatcherServlet.doDispatch(DispatcherServlet.java:1072)
	at org.springframework.web.servlet.DispatcherServlet.doService(DispatcherServlet.java:965)
	at org.springframework.web.servlet.FrameworkServlet.processRequest(FrameworkServlet.java:1006)
	at org.springframework.web.servlet.FrameworkServlet.doGet(FrameworkServlet.java:898)
	at javax.servlet.http.HttpServlet.service(HttpServlet.java:529)
	at org.springframework.web.servlet.FrameworkServlet.service(FrameworkServlet.java:883)
	at javax.servlet.http.HttpServlet.service(HttpServlet.java:623)
	at org.apache.catalina.core.ApplicationFilterChain.internalDoFilter(ApplicationFilterChain.java:209)
	at org.apache.catalina.core.ApplicationFilterChain.doFilter(ApplicationFilterChain.java:153)
	at org.apache.tomcat.websocket.server.WsFilter.doFilter(WsFilter.java:51)
	at org.apache.catalina.core.ApplicationFilterChain.internalDoFilter(ApplicationFilterChain.java:178)
	at org.apache.catalina.core.ApplicationFilterChain.doFilter(ApplicationFilterChain.java:153)
	at org.springframework.security.web.FilterChainProxy$VirtualFilterChain.doFilter(FilterChainProxy.java:337)
	at org.springframework.security.web.access.intercept.FilterSecurityInterceptor.invoke(FilterSecurityInterceptor.java:115)
	at org.springframework.security.web.access.intercept.FilterSecurityInterceptor.doFilter(FilterSecurityInterceptor.java:81)
	at org.springframework.security.web.FilterChainProxy$VirtualFilterChain.doFilter(FilterChainProxy.java:346)
	at org.springframework.security.web.access.ExceptionTranslationFilter.doFilter(ExceptionTranslationFilter.java:122)
	at org.springframework.security.web.access.ExceptionTranslationFilter.doFilter(ExceptionTranslationFilter.java:116)
	at org.springframework.security.web.FilterChainProxy$VirtualFilterChain.doFilter(FilterChainProxy.java:346)
	at org.springframework.security.web.session.SessionManagementFilter.doFilter(SessionManagementFilter.java:126)
	at org.springframework.security.web.session.SessionManagementFilter.doFilter(SessionManagementFilter.java:81)
	at org.springframework.security.web.FilterChainProxy$VirtualFilterChain.doFilter(FilterChainProxy.java:346)
	at org.springframework.security.web.authentication.AnonymousAuthenticationFilter.doFilter(AnonymousAuthenticationFilter.java:109)
	at org.springframework.security.web.FilterChainProxy$VirtualFilterChain.doFilter(FilterChainProxy.java:346)
	at org.springframework.security.web.servletapi.SecurityContextHolderAwareRequestFilter.doFilter(SecurityContextHolderAwareRequestFilter.java:149)
	at org.springframework.security.web.FilterChainProxy$VirtualFilterChain.doFilter(FilterChainProxy.java:346)
	at org.springframework.security.web.savedrequest.RequestCacheAwareFilter.doFilter(RequestCacheAwareFilter.java:63)
	at org.springframework.security.web.FilterChainProxy$VirtualFilterChain.doFilter(FilterChainProxy.java:346)
	at org.springframework.security.web.authentication.www.BasicAuthenticationFilter.doFilterInternal(BasicAuthenticationFilter.java:196)
	at org.springframework.web.filter.OncePerRequestFilter.doFilter(OncePerRequestFilter.java:117)
	at org.springframework.security.web.FilterChainProxy$VirtualFilterChain.doFilter(FilterChainProxy.java:346)
	at org.springframework.security.web.authentication.logout.LogoutFilter.doFilter(LogoutFilter.java:103)
	at org.springframework.security.web.authentication.logout.LogoutFilter.doFilter(LogoutFilter.java:89)
	at org.springframework.security.web.FilterChainProxy$VirtualFilterChain.doFilter(FilterChainProxy.java:346)
	at org.springframework.security.web.header.HeaderWriterFilter.doHeadersAfter(HeaderWriterFilter.java:90)
	at org.springframework.security.web.header.HeaderWriterFilter.doFilterInternal(HeaderWriterFilter.java:75)
	at org.springframework.web.filter.OncePerRequestFilter.doFilter(OncePerRequestFilter.java:117)
	at org.springframework.security.web.FilterChainProxy$VirtualFilterChain.doFilter(FilterChainProxy.java:346)
	at org.springframework.security.web.context.SecurityContextPersistenceFilter.doFilter(SecurityContextPersistenceFilter.java:112)
	at org.springframework.security.web.context.SecurityContextPersistenceFilter.doFilter(SecurityContextPersistenceFilter.java:82)
	at org.springframework.security.web.FilterChainProxy$VirtualFilterChain.doFilter(FilterChainProxy.java:346)
	at org.springframework.security.web.context.request.async.WebAsyncManagerIntegrationFilter.doFilterInternal(WebAsyncManagerIntegrationFilter.java:55)
	at org.springframework.web.filter.OncePerRequestFilter.doFilter(OncePerRequestFilter.java:117)
	at org.springframework.security.web.FilterChainProxy$VirtualFilterChain.doFilter(FilterChainProxy.java:346)
	at org.springframework.security.web.session.DisableEncodeUrlFilter.doFilterInternal(DisableEncodeUrlFilter.java:42)
	at org.springframework.web.filter.OncePerRequestFilter.doFilter(OncePerRequestFilter.java:117)
	at org.springframework.security.web.FilterChainProxy$VirtualFilterChain.doFilter(FilterChainProxy.java:346)
	at org.springframework.security.web.FilterChainProxy.doFilterInternal(FilterChainProxy.java:221)
	at org.springframework.security.web.FilterChainProxy.doFilter(FilterChainProxy.java:186)
	at org.springframework.web.filter.DelegatingFilterProxy.invokeDelegate(DelegatingFilterProxy.java:354)
	at org.springframework.web.filter.DelegatingFilterProxy.doFilter(DelegatingFilterProxy.java:267)
	at org.apache.catalina.core.ApplicationFilterChain.internalDoFilter(ApplicationFilterChain.java:178)
	at org.apache.catalina.core.ApplicationFilterChain.doFilter(ApplicationFilterChain.java:153)
	at org.springframework.web.filter.RequestContextFilter.doFilterInternal(RequestContextFilter.java:100)
	at org.springframework.web.filter.OncePerRequestFilter.doFilter(OncePerRequestFilter.java:117)
	at org.apache.catalina.core.ApplicationFilterChain.internalDoFilter(ApplicationFilterChain.java:178)
	at org.apache.catalina.core.ApplicationFilterChain.doFilter(ApplicationFilterChain.java:153)
	at org.springframework.web.filter.FormContentFilter.doFilterInternal(FormContentFilter.java:93)
	at org.springframework.web.filter.OncePerRequestFilter.doFilter(OncePerRequestFilter.java:117)
	at org.apache.catalina.core.ApplicationFilterChain.internalDoFilter(ApplicationFilterChain.java:178)
	at org.apache.catalina.core.ApplicationFilterChain.doFilter(ApplicationFilterChain.java:153)
	at org.springframework.web.filter.CharacterEncodingFilter.doFilterInternal(CharacterEncodingFilter.java:201)
	at org.springframework.web.filter.OncePerRequestFilter.doFilter(OncePerRequestFilter.java:117)
	at org.apache.catalina.core.ApplicationFilterChain.internalDoFilter(ApplicationFilterChain.java:178)
	at org.apache.catalina.core.ApplicationFilterChain.doFilter(ApplicationFilterChain.java:153)
	at org.apache.catalina.core.StandardWrapperValve.invoke(StandardWrapperValve.java:168)
	at org.apache.catalina.core.StandardContextValve.invoke(StandardContextValve.java:90)
	at org.apache.catalina.authenticator.AuthenticatorBase.invoke(AuthenticatorBase.java:481)
	at org.apache.catalina.core.StandardHostValve.invoke(StandardHostValve.java:130)
	at org.apache.catalina.valves.ErrorReportValve.invoke(ErrorReportValve.java:93)
	at org.apache.catalina.core.StandardEngineValve.invoke(StandardEngineValve.java:74)
	at org.apache.catalina.connector.CoyoteAdapter.service(CoyoteAdapter.java:343)
	at org.apache.coyote.http11.Http11Processor.service(Http11Processor.java:390)
	at org.apache.coyote.AbstractProcessorLight.process(AbstractProcessorLight.java:63)
	at org.apache.coyote.AbstractProtocol$ConnectionHandler.process(AbstractProtocol.java:926)
	at org.apache.tomcat.util.net.NioEndpoint$SocketProcessor.doRun(NioEndpoint.java:1790)
	at org.apache.tomcat.util.net.SocketProcessorBase.run(SocketProcessorBase.java:52)
	at org.apache.tomcat.util.threads.ThreadPoolExecutor.runWorker(ThreadPoolExecutor.java:1191)
	at org.apache.tomcat.util.threads.ThreadPoolExecutor$Worker.run(ThreadPoolExecutor.java:659)
	at org.apache.tomcat.util.threads.TaskThread$WrappingRunnable.run(TaskThread.java:61)
	at java.base/java.lang.Thread.run(Thread.java:1623)
