22:51:01.624 [main] ERROR o.s.boot.SpringApplication - Application run failed
org.yaml.snakeyaml.parser.ParserException: while parsing a block mapping
 in 'reader', line 16, column 5:
        key: "973dcfba223d3b5214cab534c6 ... 
        ^
expected <block end>, but found '<scalar>'
 in 'reader', line 16, column 44:
     ... 73dcfba223d3b5214cab534c6039fe0";
                                         ^

	at org.yaml.snakeyaml.parser.ParserImpl$ParseBlockMappingKey.produce(ParserImpl.java:644)
	at org.yaml.snakeyaml.parser.ParserImpl.peekEvent(ParserImpl.java:166)
	at org.yaml.snakeyaml.comments.CommentEventsCollector$1.peek(CommentEventsCollector.java:59)
	at org.yaml.snakeyaml.comments.CommentEventsCollector$1.peek(CommentEventsCollector.java:45)
	at org.yaml.snakeyaml.comments.CommentEventsCollector.collectEvents(CommentEventsCollector.java:140)
	at org.yaml.snakeyaml.comments.CommentEventsCollector.collectEvents(CommentEventsCollector.java:119)
	at org.yaml.snakeyaml.composer.Composer.composeScalarNode(Composer.java:214)
	at org.yaml.snakeyaml.composer.Composer.composeNode(Composer.java:184)
	at org.yaml.snakeyaml.composer.Composer.composeValueNode(Composer.java:314)
	at org.yaml.snakeyaml.composer.Composer.composeMappingChildren(Composer.java:305)
	at org.yaml.snakeyaml.composer.Composer.composeMappingNode(Composer.java:286)
	at org.yaml.snakeyaml.composer.Composer.composeNode(Composer.java:188)
	at org.yaml.snakeyaml.composer.Composer.composeValueNode(Composer.java:314)
	at org.yaml.snakeyaml.composer.Composer.composeMappingChildren(Composer.java:305)
	at org.yaml.snakeyaml.composer.Composer.composeMappingNode(Composer.java:286)
	at org.yaml.snakeyaml.composer.Composer.composeNode(Composer.java:188)
	at org.yaml.snakeyaml.composer.Composer.composeValueNode(Composer.java:314)
	at org.yaml.snakeyaml.composer.Composer.composeMappingChildren(Composer.java:305)
	at org.yaml.snakeyaml.composer.Composer.composeMappingNode(Composer.java:286)
	at org.yaml.snakeyaml.composer.Composer.composeNode(Composer.java:188)
	at org.yaml.snakeyaml.composer.Composer.getNode(Composer.java:115)
	at org.yaml.snakeyaml.constructor.BaseConstructor.getData(BaseConstructor.java:135)
	at org.springframework.boot.env.OriginTrackedYamlLoader$OriginTrackingConstructor.getData(OriginTrackedYamlLoader.java:103)
	at org.yaml.snakeyaml.Yaml$1.next(Yaml.java:514)
	at org.springframework.beans.factory.config.YamlProcessor.process(YamlProcessor.java:199)
	at org.springframework.beans.factory.config.YamlProcessor.process(YamlProcessor.java:166)
	at org.springframework.boot.env.OriginTrackedYamlLoader.load(OriginTrackedYamlLoader.java:88)
	at org.springframework.boot.env.YamlPropertySourceLoader.load(YamlPropertySourceLoader.java:50)
	at org.springframework.boot.context.config.StandardConfigDataLoader.load(StandardConfigDataLoader.java:54)
	at org.springframework.boot.context.config.StandardConfigDataLoader.load(StandardConfigDataLoader.java:36)
	at org.springframework.boot.context.config.ConfigDataLoaders.load(ConfigDataLoaders.java:108)
	at org.springframework.boot.context.config.ConfigDataImporter.load(ConfigDataImporter.java:132)
	at org.springframework.boot.context.config.ConfigDataImporter.resolveAndLoad(ConfigDataImporter.java:87)
	at org.springframework.boot.context.config.ConfigDataEnvironmentContributors.withProcessedImports(ConfigDataEnvironmentContributors.java:116)
	at org.springframework.boot.context.config.ConfigDataEnvironment.processWithProfiles(ConfigDataEnvironment.java:311)
	at org.springframework.boot.context.config.ConfigDataEnvironment.processAndApply(ConfigDataEnvironment.java:232)
	at org.springframework.boot.context.config.ConfigDataEnvironmentPostProcessor.postProcessEnvironment(ConfigDataEnvironmentPostProcessor.java:102)
	at org.springframework.boot.context.config.ConfigDataEnvironmentPostProcessor.postProcessEnvironment(ConfigDataEnvironmentPostProcessor.java:94)
	at org.springframework.boot.env.EnvironmentPostProcessorApplicationListener.onApplicationEnvironmentPreparedEvent(EnvironmentPostProcessorApplicationListener.java:102)
	at org.springframework.boot.env.EnvironmentPostProcessorApplicationListener.onApplicationEvent(EnvironmentPostProcessorApplicationListener.java:87)
	at org.springframework.context.event.SimpleApplicationEventMulticaster.doInvokeListener(SimpleApplicationEventMulticaster.java:178)
	at org.springframework.context.event.SimpleApplicationEventMulticaster.invokeListener(SimpleApplicationEventMulticaster.java:171)
	at org.springframework.context.event.SimpleApplicationEventMulticaster.multicastEvent(SimpleApplicationEventMulticaster.java:145)
	at org.springframework.context.event.SimpleApplicationEventMulticaster.multicastEvent(SimpleApplicationEventMulticaster.java:133)
	at org.springframework.boot.context.event.EventPublishingRunListener.environmentPrepared(EventPublishingRunListener.java:85)
	at org.springframework.boot.SpringApplicationRunListeners.lambda$environmentPrepared$2(SpringApplicationRunListeners.java:66)
	at java.base/java.util.ArrayList.forEach(ArrayList.java:1511)
	at org.springframework.boot.SpringApplicationRunListeners.doWithListeners(SpringApplicationRunListeners.java:120)
	at org.springframework.boot.SpringApplicationRunListeners.doWithListeners(SpringApplicationRunListeners.java:114)
	at org.springframework.boot.SpringApplicationRunListeners.environmentPrepared(SpringApplicationRunListeners.java:65)
	at org.springframework.boot.SpringApplication.prepareEnvironment(SpringApplication.java:343)
	at org.springframework.boot.SpringApplication.run(SpringApplication.java:301)
	at org.springframework.boot.SpringApplication.run(SpringApplication.java:1303)
	at org.springframework.boot.SpringApplication.run(SpringApplication.java:1292)
	at net.engineeringdigest.journalapp.JournalApplication.main(JournalApplication.java:20)
22:51:47.070 [main] INFO  n.e.journalapp.JournalApplication - Starting JournalApplication using Java 20.0.2 on shruti with PID 19408 (C:\Users\shruti kumari\Downloads\journalApp\target\classes started by shruti kumari in C:\Users\shruti kumari\Downloads\journalApp)
22:51:47.075 [main] INFO  n.e.journalapp.JournalApplication - The following 1 profile is active: "dev"
22:51:48.038 [main] INFO  o.s.d.r.c.RepositoryConfigurationDelegate - Bootstrapping Spring Data MongoDB repositories in DEFAULT mode.
22:51:48.153 [main] INFO  o.s.d.r.c.RepositoryConfigurationDelegate - Finished Spring Data repository scanning in 106 ms. Found 2 MongoDB repository interfaces.
22:51:49.170 [main] INFO  o.s.b.w.e.tomcat.TomcatWebServer - Tomcat initialized with port(s): 8081 (http)
22:51:49.182 [main] INFO  o.a.coyote.http11.Http11NioProtocol - Initializing ProtocolHandler ["http-nio-8081"]
22:51:49.187 [main] INFO  o.a.catalina.core.StandardService - Starting service [Tomcat]
22:51:49.187 [main] INFO  o.a.catalina.core.StandardEngine - Starting Servlet engine: [Apache Tomcat/9.0.80]
22:51:49.347 [main] INFO  o.a.c.c.C.[.[localhost].[/journal] - Initializing Spring embedded WebApplicationContext
22:51:49.347 [main] INFO  o.s.b.w.s.c.ServletWebServerApplicationContext - Root WebApplicationContext: initialization completed in 2193 ms
22:51:49.898 [main] INFO  org.mongodb.driver.client - MongoClient with metadata {"driver": {"name": "mongo-java-driver|sync|spring-boot", "version": "4.6.1"}, "os": {"type": "Windows", "name": "Windows 11", "architecture": "amd64", "version": "10.0"}, "platform": "Java/Oracle Corporation/20.0.2+9-78", "application": {"name": "Cluster0"}} created with settings MongoClientSettings{readPreference=primary, writeConcern=WriteConcern{w=majority, wTimeout=null ms, journal=null}, retryWrites=true, retryReads=true, readConcern=ReadConcern{level=null}, credential=MongoCredential{mechanism=null, userName='shrutisharma6369', source='admin', password=<hidden>, mechanismProperties=<hidden>}, streamFactoryFactory=null, commandListeners=[], codecRegistry=ProvidersCodecRegistry{codecProviders=[ValueCodecProvider{}, BsonValueCodecProvider{}, DBRefCodecProvider{}, DBObjectCodecProvider{}, DocumentCodecProvider{}, IterableCodecProvider{}, MapCodecProvider{}, GeoJsonCodecProvider{}, GridFSFileCodecProvider{}, Jsr310CodecProvider{}, JsonObjectCodecProvider{}, BsonCodecProvider{}, EnumCodecProvider{}, com.mongodb.Jep395RecordCodecProvider@4b1ec694]}, clusterSettings={hosts=[127.0.0.1:27017], srvHost=cluster0.7o2ryxv.mongodb.net, srvServiceName=mongodb, mode=MULTIPLE, requiredClusterType=REPLICA_SET, requiredReplicaSetName='atlas-14a65f-shard-0', serverSelector='null', clusterListeners='[]', serverSelectionTimeout='30000 ms', localThreshold='30000 ms'}, socketSettings=SocketSettings{connectTimeoutMS=10000, readTimeoutMS=0, receiveBufferSize=0, sendBufferSize=0}, heartbeatSocketSettings=SocketSettings{connectTimeoutMS=10000, readTimeoutMS=10000, receiveBufferSize=0, sendBufferSize=0}, connectionPoolSettings=ConnectionPoolSettings{maxSize=100, minSize=0, maxWaitTimeMS=120000, maxConnectionLifeTimeMS=0, maxConnectionIdleTimeMS=0, maintenanceInitialDelayMS=0, maintenanceFrequencyMS=60000, connectionPoolListeners=[], maxConnecting=2}, serverSettings=ServerSettings{heartbeatFrequencyMS=10000, minHeartbeatFrequencyMS=500, serverListeners='[]', serverMonitorListeners='[]'}, sslSettings=SslSettings{enabled=true, invalidHostNameAllowed=false, context=null}, applicationName='Cluster0', compressorList=[], uuidRepresentation=JAVA_LEGACY, serverApi=null, autoEncryptionSettings=null, contextProvider=null}
22:51:50.278 [main] INFO  org.mongodb.driver.cluster - Cluster description not yet available. Waiting for 30000 ms before timing out
22:51:50.946 [cluster-ClusterId{value='68a755adda21c4040788149f', description='null'}-srv-cluster0.7o2ryxv.mongodb.net] INFO  org.mongodb.driver.cluster - Adding discovered server ac-citqyd3-shard-00-00.7o2ryxv.mongodb.net:27017 to client view of cluster
22:51:50.984 [cluster-ClusterId{value='68a755adda21c4040788149f', description='null'}-srv-cluster0.7o2ryxv.mongodb.net] INFO  org.mongodb.driver.cluster - Adding discovered server ac-citqyd3-shard-00-01.7o2ryxv.mongodb.net:27017 to client view of cluster
22:51:50.985 [cluster-ClusterId{value='68a755adda21c4040788149f', description='null'}-srv-cluster0.7o2ryxv.mongodb.net] INFO  org.mongodb.driver.cluster - Adding discovered server ac-citqyd3-shard-00-02.7o2ryxv.mongodb.net:27017 to client view of cluster
22:51:50.994 [main] INFO  org.mongodb.driver.cluster - No server chosen by com.mongodb.client.internal.MongoClientDelegate$1@6637a365 from cluster description ClusterDescription{type=REPLICA_SET, connectionMode=MULTIPLE, serverDescriptions=[ServerDescription{address=ac-citqyd3-shard-00-00.7o2ryxv.mongodb.net:27017, type=UNKNOWN, state=CONNECTING}, ServerDescription{address=ac-citqyd3-shard-00-01.7o2ryxv.mongodb.net:27017, type=UNKNOWN, state=CONNECTING}, ServerDescription{address=ac-citqyd3-shard-00-02.7o2ryxv.mongodb.net:27017, type=UNKNOWN, state=CONNECTING}]}. Waiting for 30000 ms before timing out
22:51:51.778 [cluster-ClusterId{value='68a755adda21c4040788149f', description='null'}-ac-citqyd3-shard-00-01.7o2ryxv.mongodb.net:27017] INFO  org.mongodb.driver.connection - Opened connection [connectionId{localValue:5, serverValue:77884}] to ac-citqyd3-shard-00-01.7o2ryxv.mongodb.net:27017
22:51:51.778 [cluster-rtt-ClusterId{value='68a755adda21c4040788149f', description='null'}-ac-citqyd3-shard-00-01.7o2ryxv.mongodb.net:27017] INFO  org.mongodb.driver.connection - Opened connection [connectionId{localValue:4, serverValue:77884}] to ac-citqyd3-shard-00-01.7o2ryxv.mongodb.net:27017
22:51:51.778 [cluster-rtt-ClusterId{value='68a755adda21c4040788149f', description='null'}-ac-citqyd3-shard-00-02.7o2ryxv.mongodb.net:27017] INFO  org.mongodb.driver.connection - Opened connection [connectionId{localValue:3, serverValue:72783}] to ac-citqyd3-shard-00-02.7o2ryxv.mongodb.net:27017
22:51:51.778 [cluster-ClusterId{value='68a755adda21c4040788149f', description='null'}-ac-citqyd3-shard-00-02.7o2ryxv.mongodb.net:27017] INFO  org.mongodb.driver.connection - Opened connection [connectionId{localValue:2, serverValue:72783}] to ac-citqyd3-shard-00-02.7o2ryxv.mongodb.net:27017
22:51:51.778 [cluster-rtt-ClusterId{value='68a755adda21c4040788149f', description='null'}-ac-citqyd3-shard-00-00.7o2ryxv.mongodb.net:27017] INFO  org.mongodb.driver.connection - Opened connection [connectionId{localValue:1, serverValue:73454}] to ac-citqyd3-shard-00-00.7o2ryxv.mongodb.net:27017
22:51:51.778 [cluster-ClusterId{value='68a755adda21c4040788149f', description='null'}-ac-citqyd3-shard-00-00.7o2ryxv.mongodb.net:27017] INFO  org.mongodb.driver.connection - Opened connection [connectionId{localValue:6, serverValue:73454}] to ac-citqyd3-shard-00-00.7o2ryxv.mongodb.net:27017
22:51:51.778 [cluster-ClusterId{value='68a755adda21c4040788149f', description='null'}-ac-citqyd3-shard-00-01.7o2ryxv.mongodb.net:27017] INFO  org.mongodb.driver.cluster - Monitor thread successfully connected to server with description ServerDescription{address=ac-citqyd3-shard-00-01.7o2ryxv.mongodb.net:27017, type=REPLICA_SET_PRIMARY, state=CONNECTED, ok=true, minWireVersion=0, maxWireVersion=25, maxDocumentSize=16777216, logicalSessionTimeoutMinutes=30, roundTripTimeNanos=476779200, setName='atlas-14a65f-shard-0', canonicalAddress=ac-citqyd3-shard-00-01.7o2ryxv.mongodb.net:27017, hosts=[ac-citqyd3-shard-00-00.7o2ryxv.mongodb.net:27017, ac-citqyd3-shard-00-02.7o2ryxv.mongodb.net:27017, ac-citqyd3-shard-00-01.7o2ryxv.mongodb.net:27017], passives=[], arbiters=[], primary='ac-citqyd3-shard-00-01.7o2ryxv.mongodb.net:27017', tagSet=TagSet{[Tag{name='availabilityZone', value='aps1-az3'}, Tag{name='diskState', value='READY'}, Tag{name='nodeType', value='ELECTABLE'}, Tag{name='provider', value='AWS'}, Tag{name='region', value='AP_SOUTH_1'}, Tag{name='workloadType', value='OPERATIONAL'}]}, electionId=7fffffff00000000000000d4, setVersion=19, topologyVersion=TopologyVersion{processId=68a49cc948082a6b62346b18, counter=6}, lastWriteDate=Thu Aug 21 22:51:51 IST 2025, lastUpdateTimeNanos=1038551653697700}
22:51:51.778 [cluster-ClusterId{value='68a755adda21c4040788149f', description='null'}-ac-citqyd3-shard-00-02.7o2ryxv.mongodb.net:27017] INFO  org.mongodb.driver.cluster - Monitor thread successfully connected to server with description ServerDescription{address=ac-citqyd3-shard-00-02.7o2ryxv.mongodb.net:27017, type=REPLICA_SET_SECONDARY, state=CONNECTED, ok=true, minWireVersion=0, maxWireVersion=25, maxDocumentSize=16777216, logicalSessionTimeoutMinutes=30, roundTripTimeNanos=476503000, setName='atlas-14a65f-shard-0', canonicalAddress=ac-citqyd3-shard-00-02.7o2ryxv.mongodb.net:27017, hosts=[ac-citqyd3-shard-00-00.7o2ryxv.mongodb.net:27017, ac-citqyd3-shard-00-02.7o2ryxv.mongodb.net:27017, ac-citqyd3-shard-00-01.7o2ryxv.mongodb.net:27017], passives=[], arbiters=[], primary='ac-citqyd3-shard-00-01.7o2ryxv.mongodb.net:27017', tagSet=TagSet{[Tag{name='availabilityZone', value='aps1-az2'}, Tag{name='diskState', value='READY'}, Tag{name='nodeType', value='ELECTABLE'}, Tag{name='provider', value='AWS'}, Tag{name='region', value='AP_SOUTH_1'}, Tag{name='workloadType', value='OPERATIONAL'}]}, electionId=null, setVersion=19, topologyVersion=TopologyVersion{processId=68a49f6703eb20cc6ba37461, counter=3}, lastWriteDate=Thu Aug 21 22:51:51 IST 2025, lastUpdateTimeNanos=1038551653697800}
22:51:51.778 [cluster-ClusterId{value='68a755adda21c4040788149f', description='null'}-ac-citqyd3-shard-00-00.7o2ryxv.mongodb.net:27017] INFO  org.mongodb.driver.cluster - Monitor thread successfully connected to server with description ServerDescription{address=ac-citqyd3-shard-00-00.7o2ryxv.mongodb.net:27017, type=REPLICA_SET_SECONDARY, state=CONNECTED, ok=true, minWireVersion=0, maxWireVersion=25, maxDocumentSize=16777216, logicalSessionTimeoutMinutes=30, roundTripTimeNanos=476909800, setName='atlas-14a65f-shard-0', canonicalAddress=ac-citqyd3-shard-00-00.7o2ryxv.mongodb.net:27017, hosts=[ac-citqyd3-shard-00-00.7o2ryxv.mongodb.net:27017, ac-citqyd3-shard-00-02.7o2ryxv.mongodb.net:27017, ac-citqyd3-shard-00-01.7o2ryxv.mongodb.net:27017], passives=[], arbiters=[], primary='ac-citqyd3-shard-00-01.7o2ryxv.mongodb.net:27017', tagSet=TagSet{[Tag{name='availabilityZone', value='aps1-az1'}, Tag{name='diskState', value='READY'}, Tag{name='nodeType', value='ELECTABLE'}, Tag{name='provider', value='AWS'}, Tag{name='region', value='AP_SOUTH_1'}, Tag{name='workloadType', value='OPERATIONAL'}]}, electionId=null, setVersion=19, topologyVersion=TopologyVersion{processId=68a49de0cd89b41cfc84caf4, counter=4}, lastWriteDate=Thu Aug 21 22:51:51 IST 2025, lastUpdateTimeNanos=1038551653697900}
22:51:51.782 [cluster-ClusterId{value='68a755adda21c4040788149f', description='null'}-ac-citqyd3-shard-00-01.7o2ryxv.mongodb.net:27017] INFO  org.mongodb.driver.cluster - Setting max election id to 7fffffff00000000000000d4 from replica set primary ac-citqyd3-shard-00-01.7o2ryxv.mongodb.net:27017
22:51:51.783 [cluster-ClusterId{value='68a755adda21c4040788149f', description='null'}-ac-citqyd3-shard-00-01.7o2ryxv.mongodb.net:27017] INFO  org.mongodb.driver.cluster - Setting max set version to 19 from replica set primary ac-citqyd3-shard-00-01.7o2ryxv.mongodb.net:27017
22:51:51.783 [cluster-ClusterId{value='68a755adda21c4040788149f', description='null'}-ac-citqyd3-shard-00-01.7o2ryxv.mongodb.net:27017] INFO  org.mongodb.driver.cluster - Discovered replica set primary ac-citqyd3-shard-00-01.7o2ryxv.mongodb.net:27017
22:51:52.037 [main] INFO  org.mongodb.driver.connection - Opened connection [connectionId{localValue:7, serverValue:77821}] to ac-citqyd3-shard-00-01.7o2ryxv.mongodb.net:27017
22:51:52.315 [main] INFO  o.s.b.f.a.AutowiredAnnotationBeanPostProcessor - Autowired annotation is not supported on static fields: private static java.lang.String net.engineeringdigest.journalapp.service.WeatherService.apiKey
22:51:52.574 [main] INFO  o.s.s.web.DefaultSecurityFilterChain - Will secure any request with [org.springframework.security.web.session.DisableEncodeUrlFilter@59d5a6fd, org.springframework.security.web.context.request.async.WebAsyncManagerIntegrationFilter@27bcb4ad, org.springframework.security.web.context.SecurityContextPersistenceFilter@57e03347, org.springframework.security.web.header.HeaderWriterFilter@6d969330, org.springframework.security.web.authentication.logout.LogoutFilter@177ede17, org.springframework.security.web.authentication.www.BasicAuthenticationFilter@5980fa73, org.springframework.security.web.savedrequest.RequestCacheAwareFilter@733f1395, org.springframework.security.web.servletapi.SecurityContextHolderAwareRequestFilter@5fb8dc01, org.springframework.security.web.authentication.AnonymousAuthenticationFilter@4357524b, org.springframework.security.web.session.SessionManagementFilter@7661e474, org.springframework.security.web.access.ExceptionTranslationFilter@7f6b7426, org.springframework.security.web.access.intercept.FilterSecurityInterceptor@660b1a9d]
22:51:52.978 [main] INFO  o.a.coyote.http11.Http11NioProtocol - Starting ProtocolHandler ["http-nio-8081"]
22:51:52.999 [main] INFO  o.s.b.w.e.tomcat.TomcatWebServer - Tomcat started on port(s): 8081 (http) with context path '/journal'
22:51:53.010 [main] INFO  n.e.journalapp.JournalApplication - Started JournalApplication in 6.574 seconds (JVM running for 7.296)
